Performing C SOURCE FILE Test CMAKE_HAVE_LIBC_PTHREAD failed with the following output:
Change Dir: /home/usl/catkin_ws/src/robotperception/kinematic_model/cmake-build-debug/CMakeFiles/CMakeTmp

Run Build Command(s):/usr/bin/make cmTC_5f722/fast && /usr/bin/make -f CMakeFiles/cmTC_5f722.dir/build.make CMakeFiles/cmTC_5f722.dir/build
make[1]: Entering directory '/home/usl/catkin_ws/src/robotperception/kinematic_model/cmake-build-debug/CMakeFiles/CMakeTmp'
Building C object CMakeFiles/cmTC_5f722.dir/src.c.o
/usr/bin/cc   -DCMAKE_HAVE_LIBC_PTHREAD   -o CMakeFiles/cmTC_5f722.dir/src.c.o   -c /home/usl/catkin_ws/src/robotperception/kinematic_model/cmake-build-debug/CMakeFiles/CMakeTmp/src.c
Linking C executable cmTC_5f722
/opt/clion-2019.3.5/bin/cmake/linux/bin/cmake -E cmake_link_script CMakeFiles/cmTC_5f722.dir/link.txt --verbose=1
/usr/bin/cc  -DCMAKE_HAVE_LIBC_PTHREAD    -rdynamic CMakeFiles/cmTC_5f722.dir/src.c.o  -o cmTC_5f722 
CMakeFiles/cmTC_5f722.dir/src.c.o: In function `main':
src.c:(.text+0x3c): undefined reference to `pthread_create'
src.c:(.text+0x48): undefined reference to `pthread_detach'
src.c:(.text+0x59): undefined reference to `pthread_join'
src.c:(.text+0x6d): undefined reference to `pthread_atfork'
collect2: error: ld returned 1 exit status
CMakeFiles/cmTC_5f722.dir/build.make:86: recipe for target 'cmTC_5f722' failed
make[1]: *** [cmTC_5f722] Error 1
make[1]: Leaving directory '/home/usl/catkin_ws/src/robotperception/kinematic_model/cmake-build-debug/CMakeFiles/CMakeTmp'
Makefile:121: recipe for target 'cmTC_5f722/fast' failed
make: *** [cmTC_5f722/fast] Error 2


Source file was:
#include <pthread.h>

void* test_func(void* data)
{
  return data;
}

int main(void)
{
  pthread_t thread;
  pthread_create(&thread, NULL, test_func, NULL);
  pthread_detach(thread);
  pthread_join(thread, NULL);
  pthread_atfork(NULL, NULL, NULL);
  pthread_exit(NULL);

  return 0;
}

Determining if the function pthread_create exists in the pthreads failed with the following output:
Change Dir: /home/usl/catkin_ws/src/robotperception/kinematic_model/cmake-build-debug/CMakeFiles/CMakeTmp

Run Build Command(s):/usr/bin/make cmTC_d4b7f/fast && /usr/bin/make -f CMakeFiles/cmTC_d4b7f.dir/build.make CMakeFiles/cmTC_d4b7f.dir/build
make[1]: Entering directory '/home/usl/catkin_ws/src/robotperception/kinematic_model/cmake-build-debug/CMakeFiles/CMakeTmp'
Building C object CMakeFiles/cmTC_d4b7f.dir/CheckFunctionExists.c.o
/usr/bin/cc   -DCHECK_FUNCTION_EXISTS=pthread_create   -o CMakeFiles/cmTC_d4b7f.dir/CheckFunctionExists.c.o   -c /opt/clion-2019.3.5/bin/cmake/linux/share/cmake-3.15/Modules/CheckFunctionExists.c
Linking C executable cmTC_d4b7f
/opt/clion-2019.3.5/bin/cmake/linux/bin/cmake -E cmake_link_script CMakeFiles/cmTC_d4b7f.dir/link.txt --verbose=1
/usr/bin/cc  -DCHECK_FUNCTION_EXISTS=pthread_create    -rdynamic CMakeFiles/cmTC_d4b7f.dir/CheckFunctionExists.c.o  -o cmTC_d4b7f -lpthreads 
/usr/bin/ld: cannot find -lpthreads
collect2: error: ld returned 1 exit status
CMakeFiles/cmTC_d4b7f.dir/build.make:86: recipe for target 'cmTC_d4b7f' failed
make[1]: *** [cmTC_d4b7f] Error 1
make[1]: Leaving directory '/home/usl/catkin_ws/src/robotperception/kinematic_model/cmake-build-debug/CMakeFiles/CMakeTmp'
Makefile:121: recipe for target 'cmTC_d4b7f/fast' failed
make: *** [cmTC_d4b7f/fast] Error 2



